node:events:502
      throw er; // Unhandled 'error' event
      ^

Error: EPERM: operation not permitted, open 'C:\Users\User\react-portfolio_2\.next\trace'
Emitted 'error' event on WriteStream instance at:
    at emitErrorNT (node:internal/streams/destroy:169:8)
    at emitErrorCloseNT (node:internal/streams/destroy:128:3)
    at process.processTicksAndRejections (node:internal/process/task_queues:82:21) {
  errno: -4048,
  code: 'EPERM',
  syscall: 'open',
  path: 'C:\\Users\\User\\react-portfolio_2\\.next\\trace'
}

Node.js v20.19.4
node:events:502
      throw er; // Unhandled 'error' event
      ^

Error: EPERM: operation not permitted, open 'C:\Users\User\react-portfolio_2\.next\trace'
Emitted 'error' event on WriteStream instance at:
    at emitErrorNT (node:internal/streams/destroy:169:8)
    at emitErrorCloseNT (node:internal/streams/destroy:128:3)
    at process.processTicksAndRejections (node:internal/process/task_queues:82:21) {
  errno: -4048,
  code: 'EPERM',
  syscall: 'open',
  path: 'C:\\Users\\User\\react-portfolio_2\\.next\\trace'
}

Node.js v20.19.4
